<?xml version="1.0" encoding="UTF-8"?>
<!-- Generated by org.testng.reporters.JUnitReportReporter -->
<testsuite skipped="0" hostname="SHREEG-PC" name="APIRequestValidations.CreateUserPostRequest" tests="1" failures="0" timestamp="2020-09-21T10:47:24 IST" time="9.711" errors="0">
  <testcase name="CreateUser" time="9.711" classname="APIRequestValidations.CreateUserPostRequest"/>
  <system-out/>
</testsuite> <!-- APIRequestValidations.CreateUserPostRequest -->
