<?xml version="1.0" encoding="UTF-8"?>
<!-- Generated by org.testng.reporters.JUnitReportReporter -->
<testsuite skipped="0" hostname="SHREEG-PC" name="APIRequestValidations.GetUsersRequestValidation" tests="1" failures="0" timestamp="2020-09-21T11:08:19 IST" time="6.507" errors="0">
  <testcase name="ListUsers" time="6.507" classname="APIRequestValidations.GetUsersRequestValidation"/>
  <system-out/>
</testsuite> <!-- APIRequestValidations.GetUsersRequestValidation -->
